[debug] [2021-03-03T04:02:41.948Z] ----------------------------------------------------------------------
[debug] [2021-03-03T04:02:41.950Z] Command:       C:\Program Files\nodejs\node.exe C:\Users\rider\AppData\Roaming\npm\node_modules\firebase-tools\lib\bin\firebase.js emulators:start --only functions
[debug] [2021-03-03T04:02:41.950Z] CLI Version:   9.5.0
[debug] [2021-03-03T04:02:41.950Z] Platform:      win32
[debug] [2021-03-03T04:02:41.950Z] Node Version:  v10.15.3
[debug] [2021-03-03T04:02:41.952Z] Time:          Tue Mar 02 2021 23:02:41 GMT-0500 (GMT-05:00)
[debug] [2021-03-03T04:02:41.952Z] ----------------------------------------------------------------------
[debug] [2021-03-03T04:02:41.952Z] 
[debug] [2021-03-03T04:02:41.962Z] > command requires scopes: ["email","openid","https://www.googleapis.com/auth/cloudplatformprojects.readonly","https://www.googleapis.com/auth/firebase","https://www.googleapis.com/auth/cloud-platform"]
[debug] [2021-03-03T04:02:41.963Z] > authorizing via signed-in user
[info] i  emulators: Starting emulators: functions {"metadata":{"emulator":{"name":"hub"},"message":"Starting emulators: functions"}}
[debug] [2021-03-03T04:02:43.988Z] [hub] writing locator at C:\Users\rider\AppData\Local\Temp\hub-tshirt-ecommerce-e0de1.json
[warn] !  functions: The following emulators are not running, calls to these services from the Functions emulator will affect production: auth, firestore, database, hosting, pubsub {"metadata":{"emulator":{"name":"functions"},"message":"The following emulators are not running, calls to these services from the Functions emulator will affect production: \u001b[1mauth, firestore, database, hosting, pubsub\u001b[22m"}}
[info] +  functions: Using node@10 from host. {"metadata":{"emulator":{"name":"functions"},"message":"Using node@10 from host."}}
[debug] [2021-03-03T04:02:46.040Z] defaultcredentials: writing to file C:\Users\rider\AppData\Roaming\firebase\riderandresj_gmail_com_application_default_credentials.json
[debug] [2021-03-03T04:02:46.044Z] Setting GAC to C:\Users\rider\AppData\Roaming\firebase\riderandresj_gmail_com_application_default_credentials.json {"metadata":{"emulator":{"name":"functions"},"message":"Setting GAC to C:\\Users\\rider\\AppData\\Roaming\\firebase\\riderandresj_gmail_com_application_default_credentials.json"}}
[debug] [2021-03-03T04:02:46.047Z] >>> [apiv2][query] GET https://firebase.googleapis.com/v1beta1/projects/tshirt-ecommerce-e0de1/adminSdkConfig [none]
[debug] [2021-03-03T04:02:46.845Z] <<< [apiv2][status] GET https://firebase.googleapis.com/v1beta1/projects/tshirt-ecommerce-e0de1/adminSdkConfig 200
[debug] [2021-03-03T04:02:46.845Z] <<< [apiv2][body] GET https://firebase.googleapis.com/v1beta1/projects/tshirt-ecommerce-e0de1/adminSdkConfig {"projectId":"tshirt-ecommerce-e0de1","databaseURL":"https://tshirt-ecommerce-e0de1-default-rtdb.firebaseio.com","storageBucket":"tshirt-ecommerce-e0de1.appspot.com","locationId":"us-central"}
[info] i  ui: downloading ui-v1.4.2.zip... {"metadata":{"emulator":{"name":"ui"},"message":"downloading ui-v1.4.2.zip..."}}
[debug] [2021-03-03T04:02:50.891Z] >>> [apiv2][query] GET https://storage.googleapis.com/firebase-preview-drop/emulator/ui-v1.4.2.zip [none]
[debug] [2021-03-03T04:02:51.438Z] <<< [apiv2][status] GET https://storage.googleapis.com/firebase-preview-drop/emulator/ui-v1.4.2.zip 200
[debug] [2021-03-03T04:02:51.439Z] <<< [apiv2][body] GET https://storage.googleapis.com/firebase-preview-drop/emulator/ui-v1.4.2.zip [stream]
[debug] [2021-03-03T04:02:56.508Z] Ignoring unsupported arg: auto_download {"metadata":{"emulator":{"name":"ui"},"message":"Ignoring unsupported arg: auto_download"}}
[debug] [2021-03-03T04:02:56.508Z] Ignoring unsupported arg: port {"metadata":{"emulator":{"name":"ui"},"message":"Ignoring unsupported arg: port"}}
[debug] [2021-03-03T04:02:56.508Z] Starting Emulator UI with command {"binary":"node","args":["C:\\Users\\rider\\.cache\\firebase\\emulators\\ui-v1.4.2\\server.bundle.js"],"optionalArgs":[],"joinArgs":false} {"metadata":{"emulator":{"name":"ui"},"message":"Starting Emulator UI with command {\"binary\":\"node\",\"args\":[\"C:\\\\Users\\\\rider\\\\.cache\\\\firebase\\\\emulators\\\\ui-v1.4.2\\\\server.bundle.js\"],\"optionalArgs\":[],\"joinArgs\":false}"}}
[info] i  ui: Emulator UI logging to ui-debug.log {"metadata":{"emulator":{"name":"ui"},"message":"Emulator UI logging to \u001b[1mui-debug.log\u001b[22m"}}
[debug] [2021-03-03T04:02:56.713Z] Web / API server started at http://localhost:4000
 {"metadata":{"emulator":{"name":"ui"},"message":"Web / API server started at http://localhost:4000\n"}}
[info] i  functions: Watching "C:\Users\rider\Documents\2020-3\Seminario\Front\Tshirt-Ecommerce\functions" for Cloud Functions... {"metadata":{"emulator":{"name":"functions"},"message":"Watching \"C:\\Users\\rider\\Documents\\2020-3\\Seminario\\Front\\Tshirt-Ecommerce\\functions\" for Cloud Functions..."}}
[debug] [2021-03-03T04:02:57.048Z] [worker-pool] addWorker(~diagnostic~) {"metadata":{"emulator":{"name":"functions"},"message":"[worker-pool] addWorker(~diagnostic~)"}}
[debug] [2021-03-03T04:02:57.049Z] [worker-pool] Adding worker with key ~diagnostic~, total=1 {"metadata":{"emulator":{"name":"functions"},"message":"[worker-pool] Adding worker with key ~diagnostic~, total=1"}}
[debug] [2021-03-03T04:02:57.049Z] [worker-pool] submitWork(triggerId=) {"metadata":{"emulator":{"name":"functions"},"message":"[worker-pool] submitWork(triggerId=)"}}
[debug] [2021-03-03T04:02:57.049Z] [worker-~diagnostic~-da2d561a-fabd-42b6-bfda-8d1093889d4f]: Assigning socketPath: \\?\pipe\C:\Users\rider\Documents\2020-3\Seminario\Front\Tshirt-Ecommerce\functions\17544 {"metadata":{"emulator":{"name":"functions"},"message":"[worker-~diagnostic~-da2d561a-fabd-42b6-bfda-8d1093889d4f]: Assigning socketPath: \\\\?\\pipe\\C:\\Users\\rider\\Documents\\2020-3\\Seminario\\Front\\Tshirt-Ecommerce\\functions\\17544"}}
[debug] [2021-03-03T04:02:57.049Z] [worker-~diagnostic~-da2d561a-fabd-42b6-bfda-8d1093889d4f]: BUSY {"metadata":{"emulator":{"name":"functions"},"message":"[worker-~diagnostic~-da2d561a-fabd-42b6-bfda-8d1093889d4f]: BUSY"}}
[debug] [2021-03-03T04:02:57.437Z] [runtime-status] [17544] Functions runtime initialized. {"cwd":"C:\\Users\\rider\\Documents\\2020-3\\Seminario\\Front\\Tshirt-Ecommerce\\functions","node_version":"10.15.3"} {"metadata":{"emulator":{"name":"functions"},"message":"[runtime-status] [17544] Functions runtime initialized. {\"cwd\":\"C:\\\\Users\\\\rider\\\\Documents\\\\2020-3\\\\Seminario\\\\Front\\\\Tshirt-Ecommerce\\\\functions\",\"node_version\":\"10.15.3\"}"}}
[debug] [2021-03-03T04:02:57.439Z] [runtime-status] [17544] Disabled runtime features: undefined {"metadata":{"emulator":{"name":"functions"},"message":"[runtime-status] [17544] Disabled runtime features: undefined"}}
[debug] [2021-03-03T04:02:57.452Z] [runtime-status] [17544] Resolved module firebase-admin {"declared":true,"installed":true,"version":"8.13.0","resolution":"C:\\Users\\rider\\Documents\\2020-3\\Seminario\\Front\\Tshirt-Ecommerce\\functions\\node_modules\\firebase-admin\\lib\\index.js"} {"metadata":{"emulator":{"name":"functions"},"message":"[runtime-status] [17544] Resolved module firebase-admin {\"declared\":true,\"installed\":true,\"version\":\"8.13.0\",\"resolution\":\"C:\\\\Users\\\\rider\\\\Documents\\\\2020-3\\\\Seminario\\\\Front\\\\Tshirt-Ecommerce\\\\functions\\\\node_modules\\\\firebase-admin\\\\lib\\\\index.js\"}"}}
[debug] [2021-03-03T04:02:57.457Z] [runtime-status] [17544] Resolved module firebase-functions {"declared":true,"installed":true,"version":"3.11.0","resolution":"C:\\Users\\rider\\Documents\\2020-3\\Seminario\\Front\\Tshirt-Ecommerce\\functions\\node_modules\\firebase-functions\\lib\\index.js"} {"metadata":{"emulator":{"name":"functions"},"message":"[runtime-status] [17544] Resolved module firebase-functions {\"declared\":true,\"installed\":true,\"version\":\"3.11.0\",\"resolution\":\"C:\\\\Users\\\\rider\\\\Documents\\\\2020-3\\\\Seminario\\\\Front\\\\Tshirt-Ecommerce\\\\functions\\\\node_modules\\\\firebase-functions\\\\lib\\\\index.js\"}"}}
[debug] [2021-03-03T04:02:57.458Z] [runtime-status] [17544] Resolved module firebase-functions {"declared":true,"installed":true,"version":"3.11.0","resolution":"C:\\Users\\rider\\Documents\\2020-3\\Seminario\\Front\\Tshirt-Ecommerce\\functions\\node_modules\\firebase-functions\\lib\\index.js"} {"metadata":{"emulator":{"name":"functions"},"message":"[runtime-status] [17544] Resolved module firebase-functions {\"declared\":true,\"installed\":true,\"version\":\"3.11.0\",\"resolution\":\"C:\\\\Users\\\\rider\\\\Documents\\\\2020-3\\\\Seminario\\\\Front\\\\Tshirt-Ecommerce\\\\functions\\\\node_modules\\\\firebase-functions\\\\lib\\\\index.js\"}"}}
[debug] [2021-03-03T04:02:57.461Z] [runtime-status] [17544] Outgoing network have been stubbed. [{"name":"http","status":"mocked"},{"name":"http","status":"mocked"},{"name":"https","status":"mocked"},{"name":"https","status":"mocked"},{"name":"net","status":"mocked"}] {"metadata":{"emulator":{"name":"functions"},"message":"[runtime-status] [17544] Outgoing network have been stubbed. [{\"name\":\"http\",\"status\":\"mocked\"},{\"name\":\"http\",\"status\":\"mocked\"},{\"name\":\"https\",\"status\":\"mocked\"},{\"name\":\"https\",\"status\":\"mocked\"},{\"name\":\"net\",\"status\":\"mocked\"}]"}}
[debug] [2021-03-03T04:02:57.462Z] [runtime-status] [17544] Resolved module firebase-functions {"declared":true,"installed":true,"version":"3.11.0","resolution":"C:\\Users\\rider\\Documents\\2020-3\\Seminario\\Front\\Tshirt-Ecommerce\\functions\\node_modules\\firebase-functions\\lib\\index.js"} {"metadata":{"emulator":{"name":"functions"},"message":"[runtime-status] [17544] Resolved module firebase-functions {\"declared\":true,\"installed\":true,\"version\":\"3.11.0\",\"resolution\":\"C:\\\\Users\\\\rider\\\\Documents\\\\2020-3\\\\Seminario\\\\Front\\\\Tshirt-Ecommerce\\\\functions\\\\node_modules\\\\firebase-functions\\\\lib\\\\index.js\"}"}}
[debug] [2021-03-03T04:02:57.550Z] [runtime-status] [17544] Checked functions.config() {"config":{}} {"metadata":{"emulator":{"name":"functions"},"message":"[runtime-status] [17544] Checked functions.config() {\"config\":{}}"}}
[debug] [2021-03-03T04:02:57.551Z] [runtime-status] [17544] firebase-functions has been stubbed. {"functionsResolution":{"declared":true,"installed":true,"version":"3.11.0","resolution":"C:\\Users\\rider\\Documents\\2020-3\\Seminario\\Front\\Tshirt-Ecommerce\\functions\\node_modules\\firebase-functions\\lib\\index.js"}} {"metadata":{"emulator":{"name":"functions"},"message":"[runtime-status] [17544] firebase-functions has been stubbed. {\"functionsResolution\":{\"declared\":true,\"installed\":true,\"version\":\"3.11.0\",\"resolution\":\"C:\\\\Users\\\\rider\\\\Documents\\\\2020-3\\\\Seminario\\\\Front\\\\Tshirt-Ecommerce\\\\functions\\\\node_modules\\\\firebase-functions\\\\lib\\\\index.js\"}}"}}
[debug] [2021-03-03T04:02:57.551Z] [runtime-status] [17544] Resolved module firebase-functions {"declared":true,"installed":true,"version":"3.11.0","resolution":"C:\\Users\\rider\\Documents\\2020-3\\Seminario\\Front\\Tshirt-Ecommerce\\functions\\node_modules\\firebase-functions\\lib\\index.js"} {"metadata":{"emulator":{"name":"functions"},"message":"[runtime-status] [17544] Resolved module firebase-functions {\"declared\":true,\"installed\":true,\"version\":\"3.11.0\",\"resolution\":\"C:\\\\Users\\\\rider\\\\Documents\\\\2020-3\\\\Seminario\\\\Front\\\\Tshirt-Ecommerce\\\\functions\\\\node_modules\\\\firebase-functions\\\\lib\\\\index.js\"}"}}
[debug] [2021-03-03T04:02:57.553Z] [runtime-status] [17544] Resolved module firebase-admin {"declared":true,"installed":true,"version":"8.13.0","resolution":"C:\\Users\\rider\\Documents\\2020-3\\Seminario\\Front\\Tshirt-Ecommerce\\functions\\node_modules\\firebase-admin\\lib\\index.js"} {"metadata":{"emulator":{"name":"functions"},"message":"[runtime-status] [17544] Resolved module firebase-admin {\"declared\":true,\"installed\":true,\"version\":\"8.13.0\",\"resolution\":\"C:\\\\Users\\\\rider\\\\Documents\\\\2020-3\\\\Seminario\\\\Front\\\\Tshirt-Ecommerce\\\\functions\\\\node_modules\\\\firebase-admin\\\\lib\\\\index.js\"}"}}
[debug] [2021-03-03T04:02:57.553Z] [runtime-status] [17544] Resolved module firebase-functions {"declared":true,"installed":true,"version":"3.11.0","resolution":"C:\\Users\\rider\\Documents\\2020-3\\Seminario\\Front\\Tshirt-Ecommerce\\functions\\node_modules\\firebase-functions\\lib\\index.js"} {"metadata":{"emulator":{"name":"functions"},"message":"[runtime-status] [17544] Resolved module firebase-functions {\"declared\":true,\"installed\":true,\"version\":\"3.11.0\",\"resolution\":\"C:\\\\Users\\\\rider\\\\Documents\\\\2020-3\\\\Seminario\\\\Front\\\\Tshirt-Ecommerce\\\\functions\\\\node_modules\\\\firebase-functions\\\\lib\\\\index.js\"}"}}
[debug] [2021-03-03T04:02:57.554Z] [runtime-status] [17544] firebase-admin has been stubbed. {"adminResolution":{"declared":true,"installed":true,"version":"8.13.0","resolution":"C:\\Users\\rider\\Documents\\2020-3\\Seminario\\Front\\Tshirt-Ecommerce\\functions\\node_modules\\firebase-admin\\lib\\index.js"}} {"metadata":{"emulator":{"name":"functions"},"message":"[runtime-status] [17544] firebase-admin has been stubbed. {\"adminResolution\":{\"declared\":true,\"installed\":true,\"version\":\"8.13.0\",\"resolution\":\"C:\\\\Users\\\\rider\\\\Documents\\\\2020-3\\\\Seminario\\\\Front\\\\Tshirt-Ecommerce\\\\functions\\\\node_modules\\\\firebase-admin\\\\lib\\\\index.js\"}}"}}
[info] +  functions[api]: http function initialized (http://localhost:5001/tshirt-ecommerce-e0de1/us-central1/api). {"metadata":{"emulator":{"name":"functions"},"message":"\u001b[1mhttp\u001b[22m function initialized (http://localhost:5001/tshirt-ecommerce-e0de1/us-central1/api)."}}
[info] 
┌─────────────────────────────────────────────────────────────┐
│ ✔  All emulators ready! It is now safe to connect your app. │
│ i  View Emulator UI at http://localhost:4000                │
└─────────────────────────────────────────────────────────────┘

┌───────────┬────────────────┬─────────────────────────────────┐
│ Emulator  │ Host:Port      │ View in Emulator UI             │
├───────────┼────────────────┼─────────────────────────────────┤
│ Functions │ localhost:5001 │ http://localhost:4000/functions │
└───────────┴────────────────┴─────────────────────────────────┘
  Emulator Hub running at localhost:4400
  Other reserved ports: 4500

Issues? Report them at https://github.com/firebase/firebase-tools/issues and attach the *-debug.log files.
 
[debug] [2021-03-03T04:02:58.031Z] [worker-~diagnostic~-da2d561a-fabd-42b6-bfda-8d1093889d4f]: IDLE {"metadata":{"emulator":{"name":"functions"},"message":"[worker-~diagnostic~-da2d561a-fabd-42b6-bfda-8d1093889d4f]: IDLE"}}
[debug] [2021-03-03T04:20:31.715Z] File C:\Users\rider\Documents\2020-3\Seminario\Front\Tshirt-Ecommerce\functions\index.js changed, reloading triggers {"metadata":{"emulator":{"name":"functions"},"message":"File C:\\Users\\rider\\Documents\\2020-3\\Seminario\\Front\\Tshirt-Ecommerce\\functions\\index.js changed, reloading triggers"}}
[debug] [2021-03-03T04:20:32.717Z] [worker-pool] Shutting down IDLE worker (~diagnostic~) {"metadata":{"emulator":{"name":"functions"},"message":"[worker-pool] Shutting down IDLE worker (~diagnostic~)"}}
[debug] [2021-03-03T04:20:32.717Z] [worker-~diagnostic~-da2d561a-fabd-42b6-bfda-8d1093889d4f]: FINISHING {"metadata":{"emulator":{"name":"functions"},"message":"[worker-~diagnostic~-da2d561a-fabd-42b6-bfda-8d1093889d4f]: FINISHING"}}
[debug] [2021-03-03T04:20:32.735Z] [worker-pool] addWorker(~diagnostic~) {"metadata":{"emulator":{"name":"functions"},"message":"[worker-pool] addWorker(~diagnostic~)"}}
[debug] [2021-03-03T04:20:32.735Z] [worker-pool] Adding worker with key ~diagnostic~, total=2 {"metadata":{"emulator":{"name":"functions"},"message":"[worker-pool] Adding worker with key ~diagnostic~, total=2"}}
[debug] [2021-03-03T04:20:32.735Z] [worker-pool] submitWork(triggerId=) {"metadata":{"emulator":{"name":"functions"},"message":"[worker-pool] submitWork(triggerId=)"}}
[debug] [2021-03-03T04:20:32.736Z] [worker-~diagnostic~-c052dba5-6c00-436d-977a-abfeaf7aaceb]: Assigning socketPath: \\?\pipe\C:\Users\rider\Documents\2020-3\Seminario\Front\Tshirt-Ecommerce\functions\13260 {"metadata":{"emulator":{"name":"functions"},"message":"[worker-~diagnostic~-c052dba5-6c00-436d-977a-abfeaf7aaceb]: Assigning socketPath: \\\\?\\pipe\\C:\\Users\\rider\\Documents\\2020-3\\Seminario\\Front\\Tshirt-Ecommerce\\functions\\13260"}}
[debug] [2021-03-03T04:20:32.736Z] [worker-~diagnostic~-c052dba5-6c00-436d-977a-abfeaf7aaceb]: BUSY {"metadata":{"emulator":{"name":"functions"},"message":"[worker-~diagnostic~-c052dba5-6c00-436d-977a-abfeaf7aaceb]: BUSY"}}
[debug] [2021-03-03T04:20:32.737Z] [worker-~diagnostic~-da2d561a-fabd-42b6-bfda-8d1093889d4f]: exited {"metadata":{"emulator":{"name":"functions"},"message":"[worker-~diagnostic~-da2d561a-fabd-42b6-bfda-8d1093889d4f]: exited"}}
[debug] [2021-03-03T04:20:32.737Z] [worker-~diagnostic~-da2d561a-fabd-42b6-bfda-8d1093889d4f]: FINISHED {"metadata":{"emulator":{"name":"functions"},"message":"[worker-~diagnostic~-da2d561a-fabd-42b6-bfda-8d1093889d4f]: FINISHED"}}
[debug] [2021-03-03T04:20:33.242Z] [runtime-status] [13260] Functions runtime initialized. {"cwd":"C:\\Users\\rider\\Documents\\2020-3\\Seminario\\Front\\Tshirt-Ecommerce\\functions","node_version":"10.15.3"} {"metadata":{"emulator":{"name":"functions"},"message":"[runtime-status] [13260] Functions runtime initialized. {\"cwd\":\"C:\\\\Users\\\\rider\\\\Documents\\\\2020-3\\\\Seminario\\\\Front\\\\Tshirt-Ecommerce\\\\functions\",\"node_version\":\"10.15.3\"}"}}
[debug] [2021-03-03T04:20:33.246Z] [runtime-status] [13260] Disabled runtime features: undefined {"metadata":{"emulator":{"name":"functions"},"message":"[runtime-status] [13260] Disabled runtime features: undefined"}}
[debug] [2021-03-03T04:20:33.258Z] [runtime-status] [13260] Resolved module firebase-admin {"declared":true,"installed":true,"version":"8.13.0","resolution":"C:\\Users\\rider\\Documents\\2020-3\\Seminario\\Front\\Tshirt-Ecommerce\\functions\\node_modules\\firebase-admin\\lib\\index.js"} {"metadata":{"emulator":{"name":"functions"},"message":"[runtime-status] [13260] Resolved module firebase-admin {\"declared\":true,\"installed\":true,\"version\":\"8.13.0\",\"resolution\":\"C:\\\\Users\\\\rider\\\\Documents\\\\2020-3\\\\Seminario\\\\Front\\\\Tshirt-Ecommerce\\\\functions\\\\node_modules\\\\firebase-admin\\\\lib\\\\index.js\"}"}}
[debug] [2021-03-03T04:20:33.261Z] [runtime-status] [13260] Resolved module firebase-functions {"declared":true,"installed":true,"version":"3.11.0","resolution":"C:\\Users\\rider\\Documents\\2020-3\\Seminario\\Front\\Tshirt-Ecommerce\\functions\\node_modules\\firebase-functions\\lib\\index.js"} {"metadata":{"emulator":{"name":"functions"},"message":"[runtime-status] [13260] Resolved module firebase-functions {\"declared\":true,\"installed\":true,\"version\":\"3.11.0\",\"resolution\":\"C:\\\\Users\\\\rider\\\\Documents\\\\2020-3\\\\Seminario\\\\Front\\\\Tshirt-Ecommerce\\\\functions\\\\node_modules\\\\firebase-functions\\\\lib\\\\index.js\"}"}}
[debug] [2021-03-03T04:20:33.263Z] [runtime-status] [13260] Resolved module firebase-functions {"declared":true,"installed":true,"version":"3.11.0","resolution":"C:\\Users\\rider\\Documents\\2020-3\\Seminario\\Front\\Tshirt-Ecommerce\\functions\\node_modules\\firebase-functions\\lib\\index.js"} {"metadata":{"emulator":{"name":"functions"},"message":"[runtime-status] [13260] Resolved module firebase-functions {\"declared\":true,\"installed\":true,\"version\":\"3.11.0\",\"resolution\":\"C:\\\\Users\\\\rider\\\\Documents\\\\2020-3\\\\Seminario\\\\Front\\\\Tshirt-Ecommerce\\\\functions\\\\node_modules\\\\firebase-functions\\\\lib\\\\index.js\"}"}}
[debug] [2021-03-03T04:20:33.272Z] [runtime-status] [13260] Outgoing network have been stubbed. [{"name":"http","status":"mocked"},{"name":"http","status":"mocked"},{"name":"https","status":"mocked"},{"name":"https","status":"mocked"},{"name":"net","status":"mocked"}] {"metadata":{"emulator":{"name":"functions"},"message":"[runtime-status] [13260] Outgoing network have been stubbed. [{\"name\":\"http\",\"status\":\"mocked\"},{\"name\":\"http\",\"status\":\"mocked\"},{\"name\":\"https\",\"status\":\"mocked\"},{\"name\":\"https\",\"status\":\"mocked\"},{\"name\":\"net\",\"status\":\"mocked\"}]"}}
[debug] [2021-03-03T04:20:33.274Z] [runtime-status] [13260] Resolved module firebase-functions {"declared":true,"installed":true,"version":"3.11.0","resolution":"C:\\Users\\rider\\Documents\\2020-3\\Seminario\\Front\\Tshirt-Ecommerce\\functions\\node_modules\\firebase-functions\\lib\\index.js"} {"metadata":{"emulator":{"name":"functions"},"message":"[runtime-status] [13260] Resolved module firebase-functions {\"declared\":true,\"installed\":true,\"version\":\"3.11.0\",\"resolution\":\"C:\\\\Users\\\\rider\\\\Documents\\\\2020-3\\\\Seminario\\\\Front\\\\Tshirt-Ecommerce\\\\functions\\\\node_modules\\\\firebase-functions\\\\lib\\\\index.js\"}"}}
[debug] [2021-03-03T04:20:33.402Z] [runtime-status] [13260] Checked functions.config() {"config":{}} {"metadata":{"emulator":{"name":"functions"},"message":"[runtime-status] [13260] Checked functions.config() {\"config\":{}}"}}
[debug] [2021-03-03T04:20:33.402Z] [runtime-status] [13260] firebase-functions has been stubbed. {"functionsResolution":{"declared":true,"installed":true,"version":"3.11.0","resolution":"C:\\Users\\rider\\Documents\\2020-3\\Seminario\\Front\\Tshirt-Ecommerce\\functions\\node_modules\\firebase-functions\\lib\\index.js"}} {"metadata":{"emulator":{"name":"functions"},"message":"[runtime-status] [13260] firebase-functions has been stubbed. {\"functionsResolution\":{\"declared\":true,\"installed\":true,\"version\":\"3.11.0\",\"resolution\":\"C:\\\\Users\\\\rider\\\\Documents\\\\2020-3\\\\Seminario\\\\Front\\\\Tshirt-Ecommerce\\\\functions\\\\node_modules\\\\firebase-functions\\\\lib\\\\index.js\"}}"}}
[debug] [2021-03-03T04:20:33.403Z] [runtime-status] [13260] Resolved module firebase-functions {"declared":true,"installed":true,"version":"3.11.0","resolution":"C:\\Users\\rider\\Documents\\2020-3\\Seminario\\Front\\Tshirt-Ecommerce\\functions\\node_modules\\firebase-functions\\lib\\index.js"} {"metadata":{"emulator":{"name":"functions"},"message":"[runtime-status] [13260] Resolved module firebase-functions {\"declared\":true,\"installed\":true,\"version\":\"3.11.0\",\"resolution\":\"C:\\\\Users\\\\rider\\\\Documents\\\\2020-3\\\\Seminario\\\\Front\\\\Tshirt-Ecommerce\\\\functions\\\\node_modules\\\\firebase-functions\\\\lib\\\\index.js\"}"}}
[debug] [2021-03-03T04:20:33.405Z] [runtime-status] [13260] Resolved module firebase-admin {"declared":true,"installed":true,"version":"8.13.0","resolution":"C:\\Users\\rider\\Documents\\2020-3\\Seminario\\Front\\Tshirt-Ecommerce\\functions\\node_modules\\firebase-admin\\lib\\index.js"} {"metadata":{"emulator":{"name":"functions"},"message":"[runtime-status] [13260] Resolved module firebase-admin {\"declared\":true,\"installed\":true,\"version\":\"8.13.0\",\"resolution\":\"C:\\\\Users\\\\rider\\\\Documents\\\\2020-3\\\\Seminario\\\\Front\\\\Tshirt-Ecommerce\\\\functions\\\\node_modules\\\\firebase-admin\\\\lib\\\\index.js\"}"}}
[debug] [2021-03-03T04:20:33.405Z] [runtime-status] [13260] Resolved module firebase-functions {"declared":true,"installed":true,"version":"3.11.0","resolution":"C:\\Users\\rider\\Documents\\2020-3\\Seminario\\Front\\Tshirt-Ecommerce\\functions\\node_modules\\firebase-functions\\lib\\index.js"} {"metadata":{"emulator":{"name":"functions"},"message":"[runtime-status] [13260] Resolved module firebase-functions {\"declared\":true,\"installed\":true,\"version\":\"3.11.0\",\"resolution\":\"C:\\\\Users\\\\rider\\\\Documents\\\\2020-3\\\\Seminario\\\\Front\\\\Tshirt-Ecommerce\\\\functions\\\\node_modules\\\\firebase-functions\\\\lib\\\\index.js\"}"}}
[debug] [2021-03-03T04:20:33.406Z] [runtime-status] [13260] firebase-admin has been stubbed. {"adminResolution":{"declared":true,"installed":true,"version":"8.13.0","resolution":"C:\\Users\\rider\\Documents\\2020-3\\Seminario\\Front\\Tshirt-Ecommerce\\functions\\node_modules\\firebase-admin\\lib\\index.js"}} {"metadata":{"emulator":{"name":"functions"},"message":"[runtime-status] [13260] firebase-admin has been stubbed. {\"adminResolution\":{\"declared\":true,\"installed\":true,\"version\":\"8.13.0\",\"resolution\":\"C:\\\\Users\\\\rider\\\\Documents\\\\2020-3\\\\Seminario\\\\Front\\\\Tshirt-Ecommerce\\\\functions\\\\node_modules\\\\firebase-admin\\\\lib\\\\index.js\"}}"}}
[debug] [2021-03-03T04:20:33.741Z] [worker-~diagnostic~-c052dba5-6c00-436d-977a-abfeaf7aaceb]: IDLE {"metadata":{"emulator":{"name":"functions"},"message":"[worker-~diagnostic~-c052dba5-6c00-436d-977a-abfeaf7aaceb]: IDLE"}}
[debug] [2021-03-03T05:18:51.788Z] [work-queue] {"queueLength":1,"workRunningCount":0}
[debug] [2021-03-03T05:18:51.792Z] [work-queue] {"queueLength":0,"workRunningCount":1}
[debug] [2021-03-03T05:18:51.794Z] Accepted request GET /tshirt-ecommerce-e0de1/us-central1/api --> api
[debug] [2021-03-03T05:18:51.795Z] [worker-pool] Cleaned up workers for ~diagnostic~: 2 --> 1 {"metadata":{"emulator":{"name":"functions"},"message":"[worker-pool] Cleaned up workers for ~diagnostic~: 2 --> 1"}}
[debug] [2021-03-03T05:18:51.826Z] [worker-pool] addWorker(api) {"metadata":{"emulator":{"name":"functions"},"message":"[worker-pool] addWorker(api)"}}
[debug] [2021-03-03T05:18:51.826Z] [worker-pool] Adding worker with key api, total=1 {"metadata":{"emulator":{"name":"functions"},"message":"[worker-pool] Adding worker with key api, total=1"}}
[debug] [2021-03-03T05:18:51.826Z] [worker-pool] submitWork(triggerId=api) {"metadata":{"emulator":{"name":"functions"},"message":"[worker-pool] submitWork(triggerId=api)"}}
[debug] [2021-03-03T05:18:51.826Z] [worker-api-7b5af3f4-3daa-4aee-9523-f9201b3f67d5]: Assigning socketPath: \\?\pipe\C:\Users\rider\Documents\2020-3\Seminario\Front\Tshirt-Ecommerce\functions\8884 {"metadata":{"emulator":{"name":"functions"},"message":"[worker-api-7b5af3f4-3daa-4aee-9523-f9201b3f67d5]: Assigning socketPath: \\\\?\\pipe\\C:\\Users\\rider\\Documents\\2020-3\\Seminario\\Front\\Tshirt-Ecommerce\\functions\\8884"}}
[debug] [2021-03-03T05:18:51.826Z] [worker-api-7b5af3f4-3daa-4aee-9523-f9201b3f67d5]: BUSY {"metadata":{"emulator":{"name":"functions"},"message":"[worker-api-7b5af3f4-3daa-4aee-9523-f9201b3f67d5]: BUSY"}}
[debug] [2021-03-03T05:18:53.470Z] [runtime-status] [8884] Functions runtime initialized. {"cwd":"C:\\Users\\rider\\Documents\\2020-3\\Seminario\\Front\\Tshirt-Ecommerce\\functions","node_version":"10.15.3"} {"metadata":{"emulator":{"name":"functions"},"function":{"name":"api"},"message":"[runtime-status] [8884] Functions runtime initialized. {\"cwd\":\"C:\\\\Users\\\\rider\\\\Documents\\\\2020-3\\\\Seminario\\\\Front\\\\Tshirt-Ecommerce\\\\functions\",\"node_version\":\"10.15.3\"}"}}
[debug] [2021-03-03T05:18:53.481Z] [runtime-status] [8884] Disabled runtime features: undefined {"metadata":{"emulator":{"name":"functions"},"function":{"name":"api"},"message":"[runtime-status] [8884] Disabled runtime features: undefined"}}
[debug] [2021-03-03T05:18:53.496Z] [runtime-status] [8884] Resolved module firebase-admin {"declared":true,"installed":true,"version":"8.13.0","resolution":"C:\\Users\\rider\\Documents\\2020-3\\Seminario\\Front\\Tshirt-Ecommerce\\functions\\node_modules\\firebase-admin\\lib\\index.js"} {"metadata":{"emulator":{"name":"functions"},"function":{"name":"api"},"message":"[runtime-status] [8884] Resolved module firebase-admin {\"declared\":true,\"installed\":true,\"version\":\"8.13.0\",\"resolution\":\"C:\\\\Users\\\\rider\\\\Documents\\\\2020-3\\\\Seminario\\\\Front\\\\Tshirt-Ecommerce\\\\functions\\\\node_modules\\\\firebase-admin\\\\lib\\\\index.js\"}"}}
[debug] [2021-03-03T05:18:53.500Z] [runtime-status] [8884] Resolved module firebase-functions {"declared":true,"installed":true,"version":"3.11.0","resolution":"C:\\Users\\rider\\Documents\\2020-3\\Seminario\\Front\\Tshirt-Ecommerce\\functions\\node_modules\\firebase-functions\\lib\\index.js"} {"metadata":{"emulator":{"name":"functions"},"function":{"name":"api"},"message":"[runtime-status] [8884] Resolved module firebase-functions {\"declared\":true,\"installed\":true,\"version\":\"3.11.0\",\"resolution\":\"C:\\\\Users\\\\rider\\\\Documents\\\\2020-3\\\\Seminario\\\\Front\\\\Tshirt-Ecommerce\\\\functions\\\\node_modules\\\\firebase-functions\\\\lib\\\\index.js\"}"}}
[debug] [2021-03-03T05:18:53.501Z] [runtime-status] [8884] Resolved module firebase-functions {"declared":true,"installed":true,"version":"3.11.0","resolution":"C:\\Users\\rider\\Documents\\2020-3\\Seminario\\Front\\Tshirt-Ecommerce\\functions\\node_modules\\firebase-functions\\lib\\index.js"} {"metadata":{"emulator":{"name":"functions"},"function":{"name":"api"},"message":"[runtime-status] [8884] Resolved module firebase-functions {\"declared\":true,\"installed\":true,\"version\":\"3.11.0\",\"resolution\":\"C:\\\\Users\\\\rider\\\\Documents\\\\2020-3\\\\Seminario\\\\Front\\\\Tshirt-Ecommerce\\\\functions\\\\node_modules\\\\firebase-functions\\\\lib\\\\index.js\"}"}}
[debug] [2021-03-03T05:18:53.505Z] [runtime-status] [8884] Outgoing network have been stubbed. [{"name":"http","status":"mocked"},{"name":"http","status":"mocked"},{"name":"https","status":"mocked"},{"name":"https","status":"mocked"},{"name":"net","status":"mocked"}] {"metadata":{"emulator":{"name":"functions"},"function":{"name":"api"},"message":"[runtime-status] [8884] Outgoing network have been stubbed. [{\"name\":\"http\",\"status\":\"mocked\"},{\"name\":\"http\",\"status\":\"mocked\"},{\"name\":\"https\",\"status\":\"mocked\"},{\"name\":\"https\",\"status\":\"mocked\"},{\"name\":\"net\",\"status\":\"mocked\"}]"}}
[debug] [2021-03-03T05:18:53.510Z] [runtime-status] [8884] Resolved module firebase-functions {"declared":true,"installed":true,"version":"3.11.0","resolution":"C:\\Users\\rider\\Documents\\2020-3\\Seminario\\Front\\Tshirt-Ecommerce\\functions\\node_modules\\firebase-functions\\lib\\index.js"} {"metadata":{"emulator":{"name":"functions"},"function":{"name":"api"},"message":"[runtime-status] [8884] Resolved module firebase-functions {\"declared\":true,\"installed\":true,\"version\":\"3.11.0\",\"resolution\":\"C:\\\\Users\\\\rider\\\\Documents\\\\2020-3\\\\Seminario\\\\Front\\\\Tshirt-Ecommerce\\\\functions\\\\node_modules\\\\firebase-functions\\\\lib\\\\index.js\"}"}}
[debug] [2021-03-03T05:18:54.039Z] [runtime-status] [8884] Checked functions.config() {"config":{}} {"metadata":{"emulator":{"name":"functions"},"function":{"name":"api"},"message":"[runtime-status] [8884] Checked functions.config() {\"config\":{}}"}}
[debug] [2021-03-03T05:18:54.040Z] [runtime-status] [8884] firebase-functions has been stubbed. {"functionsResolution":{"declared":true,"installed":true,"version":"3.11.0","resolution":"C:\\Users\\rider\\Documents\\2020-3\\Seminario\\Front\\Tshirt-Ecommerce\\functions\\node_modules\\firebase-functions\\lib\\index.js"}} {"metadata":{"emulator":{"name":"functions"},"function":{"name":"api"},"message":"[runtime-status] [8884] firebase-functions has been stubbed. {\"functionsResolution\":{\"declared\":true,\"installed\":true,\"version\":\"3.11.0\",\"resolution\":\"C:\\\\Users\\\\rider\\\\Documents\\\\2020-3\\\\Seminario\\\\Front\\\\Tshirt-Ecommerce\\\\functions\\\\node_modules\\\\firebase-functions\\\\lib\\\\index.js\"}}"}}
[debug] [2021-03-03T05:18:54.044Z] [runtime-status] [8884] Resolved module firebase-functions {"declared":true,"installed":true,"version":"3.11.0","resolution":"C:\\Users\\rider\\Documents\\2020-3\\Seminario\\Front\\Tshirt-Ecommerce\\functions\\node_modules\\firebase-functions\\lib\\index.js"} {"metadata":{"emulator":{"name":"functions"},"function":{"name":"api"},"message":"[runtime-status] [8884] Resolved module firebase-functions {\"declared\":true,\"installed\":true,\"version\":\"3.11.0\",\"resolution\":\"C:\\\\Users\\\\rider\\\\Documents\\\\2020-3\\\\Seminario\\\\Front\\\\Tshirt-Ecommerce\\\\functions\\\\node_modules\\\\firebase-functions\\\\lib\\\\index.js\"}"}}
[debug] [2021-03-03T05:18:54.050Z] [runtime-status] [8884] Resolved module firebase-admin {"declared":true,"installed":true,"version":"8.13.0","resolution":"C:\\Users\\rider\\Documents\\2020-3\\Seminario\\Front\\Tshirt-Ecommerce\\functions\\node_modules\\firebase-admin\\lib\\index.js"} {"metadata":{"emulator":{"name":"functions"},"function":{"name":"api"},"message":"[runtime-status] [8884] Resolved module firebase-admin {\"declared\":true,\"installed\":true,\"version\":\"8.13.0\",\"resolution\":\"C:\\\\Users\\\\rider\\\\Documents\\\\2020-3\\\\Seminario\\\\Front\\\\Tshirt-Ecommerce\\\\functions\\\\node_modules\\\\firebase-admin\\\\lib\\\\index.js\"}"}}
[debug] [2021-03-03T05:18:54.051Z] [runtime-status] [8884] Resolved module firebase-functions {"declared":true,"installed":true,"version":"3.11.0","resolution":"C:\\Users\\rider\\Documents\\2020-3\\Seminario\\Front\\Tshirt-Ecommerce\\functions\\node_modules\\firebase-functions\\lib\\index.js"} {"metadata":{"emulator":{"name":"functions"},"function":{"name":"api"},"message":"[runtime-status] [8884] Resolved module firebase-functions {\"declared\":true,\"installed\":true,\"version\":\"3.11.0\",\"resolution\":\"C:\\\\Users\\\\rider\\\\Documents\\\\2020-3\\\\Seminario\\\\Front\\\\Tshirt-Ecommerce\\\\functions\\\\node_modules\\\\firebase-functions\\\\lib\\\\index.js\"}"}}
[debug] [2021-03-03T05:18:54.051Z] [runtime-status] [8884] firebase-admin has been stubbed. {"adminResolution":{"declared":true,"installed":true,"version":"8.13.0","resolution":"C:\\Users\\rider\\Documents\\2020-3\\Seminario\\Front\\Tshirt-Ecommerce\\functions\\node_modules\\firebase-admin\\lib\\index.js"}} {"metadata":{"emulator":{"name":"functions"},"function":{"name":"api"},"message":"[runtime-status] [8884] firebase-admin has been stubbed. {\"adminResolution\":{\"declared\":true,\"installed\":true,\"version\":\"8.13.0\",\"resolution\":\"C:\\\\Users\\\\rider\\\\Documents\\\\2020-3\\\\Seminario\\\\Front\\\\Tshirt-Ecommerce\\\\functions\\\\node_modules\\\\firebase-admin\\\\lib\\\\index.js\"}}"}}
[debug] [2021-03-03T05:18:56.898Z] [runtime-status] [8884] Trigger "api" has been found, beginning invocation! {"metadata":{"emulator":{"name":"functions"},"function":{"name":"api"},"message":"[runtime-status] [8884] Trigger \"api\" has been found, beginning invocation!"}}
[info] i  functions: Beginning execution of "api" {"metadata":{"emulator":{"name":"functions"},"function":{"name":"api"},"message":"Beginning execution of \"api\""}}
[debug] [2021-03-03T05:18:56.903Z] [runtime-status] [8884] triggerDefinition {"httpsTrigger":{},"name":"api","entryPoint":"api"} {"metadata":{"emulator":{"name":"functions"},"function":{"name":"api"},"message":"[runtime-status] [8884] triggerDefinition {\"httpsTrigger\":{},\"name\":\"api\",\"entryPoint\":\"api\"}"}}
[debug] [2021-03-03T05:18:56.903Z] [runtime-status] [8884] Running api in mode HTTPS {"metadata":{"emulator":{"name":"functions"},"function":{"name":"api"},"message":"[runtime-status] [8884] Running api in mode HTTPS"}}
[debug] [2021-03-03T05:18:56.904Z] [runtime-status] [8884] Attempting to listen to socketPath: \\?\pipe\C:\Users\rider\Documents\2020-3\Seminario\Front\Tshirt-Ecommerce\functions\8884 {"metadata":{"emulator":{"name":"functions"},"function":{"name":"api"},"message":"[runtime-status] [8884] Attempting to listen to socketPath: \\\\?\\pipe\\C:\\Users\\rider\\Documents\\2020-3\\Seminario\\Front\\Tshirt-Ecommerce\\functions\\8884"}}
[debug] [2021-03-03T05:18:56.924Z] [functions] Runtime ready! Sending request! {"metadata":{"emulator":{"name":"functions"},"message":"[functions] Runtime ready! Sending request!"}}
[debug] [2021-03-03T05:18:56.926Z] [functions] Got req.url=/tshirt-ecommerce-e0de1/us-central1/api, mapping to path=/ {"metadata":{"emulator":{"name":"functions"},"message":"[functions] Got req.url=/tshirt-ecommerce-e0de1/us-central1/api, mapping to path=/"}}
[debug] [2021-03-03T05:18:56.935Z] [runtime-status] [8884] Ephemeral server handling GET request {"metadata":{"emulator":{"name":"functions"},"function":{"name":"api"},"message":"[runtime-status] [8884] Ephemeral server handling GET request"}}
[debug] [2021-03-03T05:18:56.952Z] [runtime-status] [8884] Ephemeral server survived. {"metadata":{"emulator":{"name":"functions"},"function":{"name":"api"},"message":"[runtime-status] [8884] Ephemeral server survived."}}
[info] i  functions: Finished "api" in ~1s {"metadata":{"emulator":{"name":"functions"},"function":{"name":"api"},"message":"Finished \"api\" in ~1s"}}
[debug] [2021-03-03T05:18:56.955Z] [worker-api-7b5af3f4-3daa-4aee-9523-f9201b3f67d5]: IDLE {"metadata":{"emulator":{"name":"functions"},"message":"[worker-api-7b5af3f4-3daa-4aee-9523-f9201b3f67d5]: IDLE"}}
[debug] [2021-03-03T05:18:56.956Z] [work-queue] {"queueLength":0,"workRunningCount":0}
[debug] [2021-03-03T05:18:57.365Z] Functions emulator received unknown request at path /favicon.ico
[debug] [2021-03-03T05:22:04.334Z] [work-queue] {"queueLength":1,"workRunningCount":0}
[debug] [2021-03-03T05:22:04.334Z] [work-queue] {"queueLength":0,"workRunningCount":1}
[debug] [2021-03-03T05:22:04.334Z] Accepted request OPTIONS /tshirt-ecommerce-e0de1/us-central1/api/payments/create --> api
[debug] [2021-03-03T05:22:04.334Z] [worker-pool] submitWork(triggerId=api) {"metadata":{"emulator":{"name":"functions"},"message":"[worker-pool] submitWork(triggerId=api)"}}
[debug] [2021-03-03T05:22:04.334Z] [worker-api-7b5af3f4-3daa-4aee-9523-f9201b3f67d5]: Assigning socketPath: \\?\pipe\C:\Users\rider\Documents\2020-3\Seminario\Front\Tshirt-Ecommerce\functions\8884 {"metadata":{"emulator":{"name":"functions"},"message":"[worker-api-7b5af3f4-3daa-4aee-9523-f9201b3f67d5]: Assigning socketPath: \\\\?\\pipe\\C:\\Users\\rider\\Documents\\2020-3\\Seminario\\Front\\Tshirt-Ecommerce\\functions\\8884"}}
[debug] [2021-03-03T05:22:04.334Z] [worker-api-7b5af3f4-3daa-4aee-9523-f9201b3f67d5]: BUSY {"metadata":{"emulator":{"name":"functions"},"message":"[worker-api-7b5af3f4-3daa-4aee-9523-f9201b3f67d5]: BUSY"}}
[debug] [2021-03-03T05:22:04.335Z] [runtime-status] [8884] Trigger "api" has been found, beginning invocation! {"metadata":{"emulator":{"name":"functions"},"function":{"name":"api"},"message":"[runtime-status] [8884] Trigger \"api\" has been found, beginning invocation!"}}
[info] i  functions: Beginning execution of "api" {"metadata":{"emulator":{"name":"functions"},"function":{"name":"api"},"message":"Beginning execution of \"api\""}}
[debug] [2021-03-03T05:22:04.338Z] [runtime-status] [8884] triggerDefinition {"httpsTrigger":{},"name":"api","entryPoint":"api"} {"metadata":{"emulator":{"name":"functions"},"function":{"name":"api"},"message":"[runtime-status] [8884] triggerDefinition {\"httpsTrigger\":{},\"name\":\"api\",\"entryPoint\":\"api\"}"}}
[debug] [2021-03-03T05:22:04.338Z] [runtime-status] [8884] Running api in mode HTTPS {"metadata":{"emulator":{"name":"functions"},"function":{"name":"api"},"message":"[runtime-status] [8884] Running api in mode HTTPS"}}
[debug] [2021-03-03T05:22:04.338Z] [runtime-status] [8884] Attempting to listen to socketPath: \\?\pipe\C:\Users\rider\Documents\2020-3\Seminario\Front\Tshirt-Ecommerce\functions\8884 {"metadata":{"emulator":{"name":"functions"},"function":{"name":"api"},"message":"[runtime-status] [8884] Attempting to listen to socketPath: \\\\?\\pipe\\C:\\Users\\rider\\Documents\\2020-3\\Seminario\\Front\\Tshirt-Ecommerce\\functions\\8884"}}
[debug] [2021-03-03T05:22:04.344Z] [functions] Runtime ready! Sending request! {"metadata":{"emulator":{"name":"functions"},"message":"[functions] Runtime ready! Sending request!"}}
[debug] [2021-03-03T05:22:04.345Z] [functions] Got req.url=/tshirt-ecommerce-e0de1/us-central1/api/payments/create, mapping to path=/payments/create {"metadata":{"emulator":{"name":"functions"},"message":"[functions] Got req.url=/tshirt-ecommerce-e0de1/us-central1/api/payments/create, mapping to path=/payments/create"}}
[debug] [2021-03-03T05:22:04.352Z] [runtime-status] [8884] Ephemeral server handling OPTIONS request {"metadata":{"emulator":{"name":"functions"},"function":{"name":"api"},"message":"[runtime-status] [8884] Ephemeral server handling OPTIONS request"}}
[debug] [2021-03-03T05:22:04.353Z] [runtime-status] [8884] Ephemeral server survived. {"metadata":{"emulator":{"name":"functions"},"function":{"name":"api"},"message":"[runtime-status] [8884] Ephemeral server survived."}}
[info] i  functions: Finished "api" in ~1s {"metadata":{"emulator":{"name":"functions"},"function":{"name":"api"},"message":"Finished \"api\" in ~1s"}}
[debug] [2021-03-03T05:22:04.386Z] [worker-api-7b5af3f4-3daa-4aee-9523-f9201b3f67d5]: IDLE {"metadata":{"emulator":{"name":"functions"},"message":"[worker-api-7b5af3f4-3daa-4aee-9523-f9201b3f67d5]: IDLE"}}
[debug] [2021-03-03T05:22:04.386Z] [work-queue] {"queueLength":0,"workRunningCount":0}
[debug] [2021-03-03T05:22:04.387Z] [work-queue] {"queueLength":1,"workRunningCount":0}
[debug] [2021-03-03T05:22:04.387Z] [work-queue] {"queueLength":0,"workRunningCount":1}
[debug] [2021-03-03T05:22:04.387Z] Accepted request POST /tshirt-ecommerce-e0de1/us-central1/api/payments/create --> api
[debug] [2021-03-03T05:22:04.387Z] [worker-pool] submitWork(triggerId=api) {"metadata":{"emulator":{"name":"functions"},"message":"[worker-pool] submitWork(triggerId=api)"}}
[debug] [2021-03-03T05:22:04.388Z] [worker-api-7b5af3f4-3daa-4aee-9523-f9201b3f67d5]: Assigning socketPath: \\?\pipe\C:\Users\rider\Documents\2020-3\Seminario\Front\Tshirt-Ecommerce\functions\8884 {"metadata":{"emulator":{"name":"functions"},"message":"[worker-api-7b5af3f4-3daa-4aee-9523-f9201b3f67d5]: Assigning socketPath: \\\\?\\pipe\\C:\\Users\\rider\\Documents\\2020-3\\Seminario\\Front\\Tshirt-Ecommerce\\functions\\8884"}}
[debug] [2021-03-03T05:22:04.388Z] [worker-api-7b5af3f4-3daa-4aee-9523-f9201b3f67d5]: BUSY {"metadata":{"emulator":{"name":"functions"},"message":"[worker-api-7b5af3f4-3daa-4aee-9523-f9201b3f67d5]: BUSY"}}
[debug] [2021-03-03T05:22:04.388Z] [runtime-status] [8884] Trigger "api" has been found, beginning invocation! {"metadata":{"emulator":{"name":"functions"},"function":{"name":"api"},"message":"[runtime-status] [8884] Trigger \"api\" has been found, beginning invocation!"}}
[info] i  functions: Beginning execution of "api" {"metadata":{"emulator":{"name":"functions"},"function":{"name":"api"},"message":"Beginning execution of \"api\""}}
[debug] [2021-03-03T05:22:04.391Z] [runtime-status] [8884] triggerDefinition {"httpsTrigger":{},"name":"api","entryPoint":"api"} {"metadata":{"emulator":{"name":"functions"},"function":{"name":"api"},"message":"[runtime-status] [8884] triggerDefinition {\"httpsTrigger\":{},\"name\":\"api\",\"entryPoint\":\"api\"}"}}
[debug] [2021-03-03T05:22:04.392Z] [runtime-status] [8884] Running api in mode HTTPS {"metadata":{"emulator":{"name":"functions"},"function":{"name":"api"},"message":"[runtime-status] [8884] Running api in mode HTTPS"}}
[debug] [2021-03-03T05:22:04.392Z] [runtime-status] [8884] Attempting to listen to socketPath: \\?\pipe\C:\Users\rider\Documents\2020-3\Seminario\Front\Tshirt-Ecommerce\functions\8884 {"metadata":{"emulator":{"name":"functions"},"function":{"name":"api"},"message":"[runtime-status] [8884] Attempting to listen to socketPath: \\\\?\\pipe\\C:\\Users\\rider\\Documents\\2020-3\\Seminario\\Front\\Tshirt-Ecommerce\\functions\\8884"}}
[debug] [2021-03-03T05:22:04.393Z] [functions] Runtime ready! Sending request! {"metadata":{"emulator":{"name":"functions"},"message":"[functions] Runtime ready! Sending request!"}}
[debug] [2021-03-03T05:22:04.394Z] [functions] Got req.url=/tshirt-ecommerce-e0de1/us-central1/api/payments/create, mapping to path=/payments/create {"metadata":{"emulator":{"name":"functions"},"message":"[functions] Got req.url=/tshirt-ecommerce-e0de1/us-central1/api/payments/create, mapping to path=/payments/create"}}
[debug] [2021-03-03T05:22:04.530Z] [runtime-status] [8884] Ephemeral server handling POST request {"metadata":{"emulator":{"name":"functions"},"function":{"name":"api"},"message":"[runtime-status] [8884] Ephemeral server handling POST request"}}
[debug] [2021-03-03T05:22:04.588Z] [runtime-status] [8884] Ephemeral server survived. {"metadata":{"emulator":{"name":"functions"},"function":{"name":"api"},"message":"[runtime-status] [8884] Ephemeral server survived."}}
[info] i  functions: Finished "api" in ~1s {"metadata":{"emulator":{"name":"functions"},"function":{"name":"api"},"message":"Finished \"api\" in ~1s"}}
[debug] [2021-03-03T05:22:05.769Z] [worker-api-7b5af3f4-3daa-4aee-9523-f9201b3f67d5]: IDLE {"metadata":{"emulator":{"name":"functions"},"message":"[worker-api-7b5af3f4-3daa-4aee-9523-f9201b3f67d5]: IDLE"}}
[debug] [2021-03-03T05:22:05.770Z] [work-queue] {"queueLength":0,"workRunningCount":0}
